INFO 2018-08-27 19:41:39,133 basehttp 124 "GET / HTTP/1.1" 200 16286
INFO 2018-08-27 20:39:34,701 basehttp 124 "GET / HTTP/1.1" 200 16286
WARNING 2018-08-27 20:39:34,934 base 93 Not Found: /favicon.ico
WARNING 2018-08-27 20:39:34,935 basehttp 124 "GET /favicon.ico HTTP/1.1" 404 1972
INFO 2018-08-27 20:39:39,091 basehttp 124 "GET /admin HTTP/1.1" 301 0
INFO 2018-08-27 20:39:39,103 basehttp 124 "GET /admin/ HTTP/1.1" 302 0
INFO 2018-08-27 20:39:39,151 basehttp 124 "GET /admin/login/?next=/admin/ HTTP/1.1" 200 1857
INFO 2018-08-27 20:39:39,163 basehttp 124 "GET /static/admin/css/responsive.css HTTP/1.1" 304 0
INFO 2018-08-27 20:39:39,164 basehttp 124 "GET /static/admin/css/base.css HTTP/1.1" 304 0
INFO 2018-08-27 20:39:39,164 basehttp 124 "GET /static/admin/css/login.css HTTP/1.1" 304 0
INFO 2018-08-27 20:39:46,993 basehttp 124 "POST /admin/login/?next=/admin/ HTTP/1.1" 302 0
INFO 2018-08-27 20:39:47,017 basehttp 124 "GET /admin/ HTTP/1.1" 200 2944
INFO 2018-08-27 20:39:47,043 basehttp 124 "GET /static/admin/css/dashboard.css HTTP/1.1" 304 0
INFO 2018-08-27 20:39:47,053 basehttp 124 "GET /static/admin/img/icon-changelink.svg HTTP/1.1" 304 0
INFO 2018-08-27 20:39:47,061 basehttp 124 "GET /static/admin/img/icon-addlink.svg HTTP/1.1" 304 0
INFO 2018-08-27 20:43:07,607 basehttp 124 "GET /admin/auth/user/ HTTP/1.1" 200 6692
INFO 2018-08-27 20:43:07,623 basehttp 124 "GET /static/admin/js/vendor/jquery/jquery.js HTTP/1.1" 304 0
INFO 2018-08-27 20:43:07,630 basehttp 124 "GET /static/admin/js/core.js HTTP/1.1" 304 0
INFO 2018-08-27 20:43:07,632 basehttp 124 "GET /static/admin/js/admin/RelatedObjectLookups.js HTTP/1.1" 304 0
INFO 2018-08-27 20:43:07,636 basehttp 124 "GET /static/admin/css/changelists.css HTTP/1.1" 304 0
INFO 2018-08-27 20:43:07,639 basehttp 124 "GET /static/admin/js/actions.js HTTP/1.1" 304 0
INFO 2018-08-27 20:43:07,640 basehttp 124 "GET /static/admin/js/prepopulate.js HTTP/1.1" 304 0
INFO 2018-08-27 20:43:07,643 basehttp 124 "GET /static/admin/js/vendor/xregexp/xregexp.js HTTP/1.1" 304 0
INFO 2018-08-27 20:43:07,650 basehttp 124 "GET /static/admin/js/jquery.init.js HTTP/1.1" 304 0
INFO 2018-08-27 20:43:07,652 basehttp 124 "GET /static/admin/js/urlify.js HTTP/1.1" 304 0
INFO 2018-08-27 20:43:07,654 basehttp 124 "GET /static/admin/img/search.svg HTTP/1.1" 304 0
INFO 2018-08-27 20:43:07,666 basehttp 124 "GET /static/admin/img/icon-yes.svg HTTP/1.1" 304 0
INFO 2018-08-27 20:43:07,675 basehttp 124 "GET /admin/jsi18n/ HTTP/1.1" 200 7684
INFO 2018-08-27 20:43:07,768 basehttp 124 "GET /static/admin/img/tooltag-add.svg HTTP/1.1" 304 0
INFO 2018-08-27 20:43:07,774 basehttp 124 "GET /static/admin/img/sorting-icons.svg HTTP/1.1" 200 1097
INFO 2018-08-27 20:43:11,826 basehttp 124 "GET /admin/ HTTP/1.1" 200 2944
INFO 2018-08-27 20:43:13,558 basehttp 124 "GET /admin/auth/group/ HTTP/1.1" 200 3563
INFO 2018-08-27 20:43:13,575 basehttp 124 "GET /admin/jsi18n/ HTTP/1.1" 200 7684
INFO 2018-08-27 20:43:17,382 basehttp 124 "GET /admin/ HTTP/1.1" 200 2944
INFO 2018-08-27 20:43:26,450 basehttp 124 "GET /admin/auth/user/ HTTP/1.1" 200 6692
INFO 2018-08-27 20:43:26,474 basehttp 124 "GET /admin/jsi18n/ HTTP/1.1" 200 7684
INFO 2018-08-27 20:43:27,797 basehttp 124 "GET /admin/auth/user/1/change/ HTTP/1.1" 200 13712
INFO 2018-08-27 20:43:27,824 basehttp 124 "GET /static/admin/js/SelectBox.js HTTP/1.1" 304 0
INFO 2018-08-27 20:43:27,831 basehttp 124 "GET /static/admin/js/SelectFilter2.js HTTP/1.1" 304 0
INFO 2018-08-27 20:43:27,836 basehttp 124 "GET /admin/jsi18n/ HTTP/1.1" 200 7684
INFO 2018-08-27 20:43:27,837 basehttp 124 "GET /static/admin/js/calendar.js HTTP/1.1" 200 7777
INFO 2018-08-27 20:43:27,843 basehttp 124 "GET /static/admin/css/forms.css HTTP/1.1" 304 0
INFO 2018-08-27 20:43:27,845 basehttp 124 "GET /static/admin/js/admin/DateTimeShortcuts.js HTTP/1.1" 200 20283
INFO 2018-08-27 20:43:27,847 basehttp 124 "GET /static/admin/js/change_form.js HTTP/1.1" 304 0
INFO 2018-08-27 20:43:27,854 basehttp 124 "GET /static/admin/js/prepopulate_init.js HTTP/1.1" 304 0
INFO 2018-08-27 20:43:27,861 basehttp 124 "GET /static/admin/css/widgets.css HTTP/1.1" 304 0
INFO 2018-08-27 20:43:27,978 basehttp 124 "GET /static/admin/img/icon-unknown.svg HTTP/1.1" 304 0
INFO 2018-08-27 20:43:27,980 basehttp 124 "GET /static/admin/img/icon-unknown-alt.svg HTTP/1.1" 304 0
INFO 2018-08-27 20:43:27,982 basehttp 124 "GET /static/admin/img/selector-icons.svg HTTP/1.1" 304 0
INFO 2018-08-27 20:43:28,000 basehttp 124 "GET /static/admin/img/icon-clock.svg HTTP/1.1" 200 677
INFO 2018-08-27 20:43:28,006 basehttp 124 "GET /static/admin/img/icon-calendar.svg HTTP/1.1" 200 1086
INFO 2018-08-27 20:43:46,681 basehttp 124 "GET /admin/auth/user/ HTTP/1.1" 200 6692
INFO 2018-08-27 20:45:33,175 basehttp 124 "GET /admin/auth/user/ HTTP/1.1" 200 6692
INFO 2018-08-27 20:45:33,199 basehttp 124 "GET /static/admin/css/changelists.css HTTP/1.1" 304 0
INFO 2018-08-27 20:45:33,200 basehttp 124 "GET /static/admin/css/base.css HTTP/1.1" 304 0
INFO 2018-08-27 20:45:33,205 basehttp 124 "GET /static/admin/js/vendor/jquery/jquery.js HTTP/1.1" 304 0
INFO 2018-08-27 20:45:33,215 basehttp 124 "GET /admin/jsi18n/ HTTP/1.1" 200 7684
INFO 2018-08-27 20:45:33,217 basehttp 124 "GET /static/admin/js/jquery.init.js HTTP/1.1" 304 0
INFO 2018-08-27 20:45:33,218 basehttp 124 "GET /static/admin/js/core.js HTTP/1.1" 304 0
INFO 2018-08-27 20:45:33,223 basehttp 124 "GET /static/admin/css/fonts.css HTTP/1.1" 304 0
INFO 2018-08-27 20:45:33,226 basehttp 124 "GET /static/admin/css/responsive.css HTTP/1.1" 304 0
INFO 2018-08-27 20:45:33,228 basehttp 124 "GET /static/admin/js/urlify.js HTTP/1.1" 304 0
INFO 2018-08-27 20:45:33,230 basehttp 124 "GET /static/admin/js/vendor/xregexp/xregexp.js HTTP/1.1" 304 0
INFO 2018-08-27 20:45:33,231 basehttp 124 "GET /static/admin/js/admin/RelatedObjectLookups.js HTTP/1.1" 304 0
INFO 2018-08-27 20:45:33,233 basehttp 124 "GET /static/admin/js/prepopulate.js HTTP/1.1" 304 0
INFO 2018-08-27 20:45:33,235 basehttp 124 "GET /static/admin/js/actions.js HTTP/1.1" 304 0
INFO 2018-08-27 20:45:33,237 basehttp 124 "GET /static/admin/img/search.svg HTTP/1.1" 304 0
INFO 2018-08-27 20:45:33,239 basehttp 124 "GET /static/admin/img/icon-yes.svg HTTP/1.1" 304 0
INFO 2018-08-27 20:45:33,294 basehttp 124 "GET /static/admin/fonts/Roboto-Light-webfont.woff HTTP/1.1" 304 0
INFO 2018-08-27 20:45:33,299 basehttp 124 "GET /static/admin/fonts/Roboto-Regular-webfont.woff HTTP/1.1" 304 0
INFO 2018-08-27 20:45:33,301 basehttp 124 "GET /static/admin/img/tooltag-add.svg HTTP/1.1" 304 0
INFO 2018-08-27 20:45:33,301 basehttp 124 "GET /static/admin/img/sorting-icons.svg HTTP/1.1" 304 0
INFO 2018-08-27 20:45:33,302 basehttp 124 "GET /static/admin/fonts/Roboto-Bold-webfont.woff HTTP/1.1" 304 0
INFO 2018-08-27 20:45:35,311 basehttp 124 "GET /admin/auth/user/1/change/ HTTP/1.1" 200 13712
INFO 2018-08-27 20:45:35,342 basehttp 124 "GET /admin/jsi18n/ HTTP/1.1" 200 7684
INFO 2018-08-27 20:45:39,084 basehttp 124 "GET /admin/auth/user/ HTTP/1.1" 200 6692
INFO 2018-08-27 20:46:03,326 basehttp 124 "GET /admin/ HTTP/1.1" 200 3568
INFO 2018-08-27 20:46:07,016 basehttp 124 "GET /admin/blog/post/ HTTP/1.1" 200 3231
INFO 2018-08-27 20:46:07,037 basehttp 124 "GET /admin/jsi18n/ HTTP/1.1" 200 7684
INFO 2018-08-27 20:46:08,689 basehttp 124 "GET /admin/ HTTP/1.1" 200 3568
INFO 2018-08-27 20:50:24,359 basehttp 124 "GET /admin/ HTTP/1.1" 200 3568
INFO 2018-08-27 20:50:24,370 basehttp 124 "GET /static/admin/css/base.css HTTP/1.1" 304 0
INFO 2018-08-27 20:50:24,370 basehttp 124 "GET /static/admin/css/dashboard.css HTTP/1.1" 304 0
INFO 2018-08-27 20:50:24,372 basehttp 124 "GET /static/admin/css/responsive.css HTTP/1.1" 304 0
INFO 2018-08-27 20:50:24,384 basehttp 124 "GET /static/admin/css/fonts.css HTTP/1.1" 304 0
INFO 2018-08-27 20:50:24,395 basehttp 124 "GET /static/admin/fonts/Roboto-Light-webfont.woff HTTP/1.1" 304 0
INFO 2018-08-27 20:50:24,397 basehttp 124 "GET /static/admin/fonts/Roboto-Bold-webfont.woff HTTP/1.1" 304 0
INFO 2018-08-27 20:50:24,399 basehttp 124 "GET /static/admin/fonts/Roboto-Regular-webfont.woff HTTP/1.1" 304 0
INFO 2018-08-27 20:50:24,423 basehttp 124 "GET /static/admin/img/icon-addlink.svg HTTP/1.1" 304 0
INFO 2018-08-27 20:50:24,432 basehttp 124 "GET /static/admin/img/icon-changelink.svg HTTP/1.1" 304 0
INFO 2018-08-27 20:50:25,886 basehttp 124 "GET /admin/ HTTP/1.1" 200 3568
INFO 2018-08-27 20:50:25,897 basehttp 124 "GET /static/admin/css/base.css HTTP/1.1" 304 0
INFO 2018-08-27 20:50:25,898 basehttp 124 "GET /static/admin/css/dashboard.css HTTP/1.1" 304 0
INFO 2018-08-27 20:50:25,904 basehttp 124 "GET /static/admin/css/responsive.css HTTP/1.1" 304 0
INFO 2018-08-27 20:50:25,907 basehttp 124 "GET /static/admin/css/fonts.css HTTP/1.1" 304 0
INFO 2018-08-27 20:50:25,912 basehttp 124 "GET /static/admin/fonts/Roboto-Light-webfont.woff HTTP/1.1" 304 0
INFO 2018-08-27 20:50:25,914 basehttp 124 "GET /static/admin/fonts/Roboto-Bold-webfont.woff HTTP/1.1" 304 0
INFO 2018-08-27 20:50:25,917 basehttp 124 "GET /static/admin/fonts/Roboto-Regular-webfont.woff HTTP/1.1" 304 0
INFO 2018-08-27 20:50:25,919 basehttp 124 "GET /static/admin/img/icon-addlink.svg HTTP/1.1" 304 0
INFO 2018-08-27 20:50:25,922 basehttp 124 "GET /static/admin/img/icon-changelink.svg HTTP/1.1" 304 0
INFO 2018-08-27 20:50:27,104 basehttp 124 "GET /admin/blog/post/ HTTP/1.1" 200 5503
INFO 2018-08-27 20:50:27,133 basehttp 124 "GET /admin/jsi18n/ HTTP/1.1" 200 7684
WARNING 2018-08-27 21:45:26,980 base 93 Not Found: /
WARNING 2018-08-27 21:45:26,980 basehttp 124 "GET / HTTP/1.1" 404 2028
